android/app/build/intermediates/manifest_merge_blame_file/debug/manifest-merger-blame-debug-report.txt
1<?xml version="1.0" encoding="utf-8"?>
2<manifest xmlns:android="http://schemas.android.com/apk/res/android"
3    package="io.MSEMA.application"
4    android:versionCode="1"
5    android:versionName="1.0" >
6
7    <uses-sdk
8        android:minSdkVersion="21"
8-->src/main/AndroidManifest.xml
9        android:targetSdkVersion="30" />
9-->src/main/AndroidManifest.xml
10
11    <!-- Permissions -->
12
13    <uses-permission android:name="android.permission.INTERNET" />
13-->src/main/AndroidManifest.xml:40:5-67
13-->src/main/AndroidManifest.xml:40:22-64
14    <uses-permission android:name="android.permission.ACCESS_COARSE_LOCATION" />
14-->[:capacitor-cordova-android-plugins] AndroidManifest.xml:10:5-81
14-->[:capacitor-cordova-android-plugins] AndroidManifest.xml:10:22-78
15    <uses-permission android:name="android.permission.ACCESS_FINE_LOCATION" />
15-->[:capacitor-cordova-android-plugins] AndroidManifest.xml:11:5-79
15-->[:capacitor-cordova-android-plugins] AndroidManifest.xml:11:22-76
16
17    <uses-feature
17-->[:capacitor-cordova-android-plugins] AndroidManifest.xml:13:5-15:35
18        android:name="android.hardware.location.gps"
18-->[:capacitor-cordova-android-plugins] AndroidManifest.xml:14:9-53
19        android:required="true" />
19-->[:capacitor-cordova-android-plugins] AndroidManifest.xml:15:9-32
20
21    <uses-permission android:name="android.permission.MODIFY_AUDIO_SETTINGS" />
21-->[:capacitor-cordova-android-plugins] AndroidManifest.xml:17:5-80
21-->[:capacitor-cordova-android-plugins] AndroidManifest.xml:17:22-77
22    <uses-permission android:name="android.permission.WRITE_EXTERNAL_STORAGE" />
22-->[:capacitor-cordova-android-plugins] AndroidManifest.xml:18:5-81
22-->[:capacitor-cordova-android-plugins] AndroidManifest.xml:18:22-78
23    <uses-permission android:name="android.permission.READ_PHONE_STATE" />
23-->[:capacitor-cordova-android-plugins] AndroidManifest.xml:19:5-75
23-->[:capacitor-cordova-android-plugins] AndroidManifest.xml:19:22-72
24    <uses-permission android:name="android.permission.ACCESS_NETWORK_STATE" />
24-->[:capacitor-cordova-android-plugins] AndroidManifest.xml:20:5-79
24-->[:capacitor-cordova-android-plugins] AndroidManifest.xml:20:22-76
25
26    <application
26-->src/main/AndroidManifest.xml:5:5-36:19
27        android:allowBackup="true"
27-->src/main/AndroidManifest.xml:6:9-35
28        android:appComponentFactory="androidx.core.app.CoreComponentFactory"
28-->[androidx.core:core:1.3.2] AndroidManifest.xml:24:18-86
29        android:debuggable="true"
30        android:icon="@mipmap/ic_launcher"
30-->src/main/AndroidManifest.xml:7:9-43
31        android:label="@string/app_name"
31-->src/main/AndroidManifest.xml:8:9-41
32        android:roundIcon="@mipmap/ic_launcher_round"
32-->src/main/AndroidManifest.xml:9:9-54
33        android:supportsRtl="true"
33-->src/main/AndroidManifest.xml:10:9-35
34        android:testOnly="true"
35        android:theme="@style/AppTheme" >
35-->src/main/AndroidManifest.xml:11:9-40
36        <activity
36-->src/main/AndroidManifest.xml:13:9-25:20
37            android:name="io.MSEMA.application.MainActivity"
37-->src/main/AndroidManifest.xml:15:13-61
38            android:configChanges="orientation|keyboardHidden|keyboard|screenSize|locale|smallestScreenSize|screenLayout|uiMode"
38-->src/main/AndroidManifest.xml:14:13-129
39            android:label="@string/title_activity_main"
39-->src/main/AndroidManifest.xml:16:13-56
40            android:launchMode="singleTask"
40-->src/main/AndroidManifest.xml:18:13-44
41            android:theme="@style/AppTheme.NoActionBarLaunch" >
41-->src/main/AndroidManifest.xml:17:13-62
42            <intent-filter>
42-->src/main/AndroidManifest.xml:20:13-23:29
43                <action android:name="android.intent.action.MAIN" />
43-->src/main/AndroidManifest.xml:21:17-69
43-->src/main/AndroidManifest.xml:21:25-66
44
45                <category android:name="android.intent.category.LAUNCHER" />
45-->src/main/AndroidManifest.xml:22:17-77
45-->src/main/AndroidManifest.xml:22:27-74
46            </intent-filter>
47        </activity>
48
49        <provider
50            android:name="androidx.core.content.FileProvider"
50-->src/main/AndroidManifest.xml:28:13-62
51            android:authorities="io.MSEMA.application.fileprovider"
51-->src/main/AndroidManifest.xml:29:13-64
52            android:exported="false"
52-->src/main/AndroidManifest.xml:30:13-37
53            android:grantUriPermissions="true" >
53-->src/main/AndroidManifest.xml:31:13-47
54            <meta-data
54-->src/main/AndroidManifest.xml:32:13-34:64
55                android:name="android.support.FILE_PROVIDER_PATHS"
55-->src/main/AndroidManifest.xml:33:17-67
56                android:resource="@xml/file_paths" />
56-->src/main/AndroidManifest.xml:34:17-51
57        </provider>
58    </application>
59
60</manifest>